Log file open, 01/17/24 17:39:45
LogWindows: Failed to load 'aqProf.dll' (GetLastError=126)
LogWindows: File 'aqProf.dll' does not exist
LogWindows: Failed to load 'VtuneApi.dll' (GetLastError=126)
LogWindows: File 'VtuneApi.dll' does not exist
LogWindows: Failed to load 'VtuneApi32e.dll' (GetLastError=126)
LogWindows: File 'VtuneApi32e.dll' does not exist
LogConsoleResponse: Display: Failed to find resolution value strings in scalability ini. Falling back to default.
LogConsoleResponse: Display: Failed to find resolution value strings in scalability ini. Falling back to default.
LogInit: Display: Running engine for game: Resin
LogPlatformFile: Not using cached read wrapper
LogTaskGraph: Started task graph with 5 named threads and 23 total threads with 3 sets of task threads.
LogStats: Stats thread started at 1.736934
LogICUInternationalization: ICU TimeZone Detection - Raw Offset: -8:00, Platform Override: ''
LogInit: Display: Loading text-based GConfig....
LogPluginManager: Mounting plugin MeshPainting
LogPluginManager: Mounting plugin XGEController
LogPluginManager: Mounting plugin Paper2D
LogPluginManager: Mounting plugin AISupport
LogPluginManager: Mounting plugin EnvironmentQueryEditor
LogPluginManager: Mounting plugin LiveLink
LogPluginManager: Mounting plugin LightPropagationVolume
LogPluginManager: Mounting plugin GameplayCameras
LogPluginManager: Mounting plugin CameraShakePreviewer
LogPluginManager: Mounting plugin OodleData
LogPluginManager: Mounting plugin OodleNetwork
LogPluginManager: Mounting plugin AssetManagerEditor
LogPluginManager: Mounting plugin CryptoKeys
LogPluginManager: Mounting plugin CurveEditorTools
LogPluginManager: Mounting plugin DataValidation
LogPluginManager: Mounting plugin FacialAnimation
LogPluginManager: Mounting plugin GeometryMode
LogPluginManager: Mounting plugin GameplayTagsEditor
LogPluginManager: Mounting plugin MacGraphicsSwitching
LogPluginManager: Mounting plugin MaterialAnalyzer
LogPluginManager: Mounting plugin MobileLauncherProfileWizard
LogPluginManager: Mounting plugin PluginBrowser
LogPluginManager: Mounting plugin SpeedTreeImporter
LogPluginManager: Mounting plugin DatasmithContent
LogPluginManager: Mounting plugin VariantManagerContent
LogPluginManager: Mounting plugin Niagara
LogPluginManager: Mounting plugin LuminPlatformFeatures
LogPluginManager: Mounting plugin MagicLeap
LogPluginManager: Mounting plugin MagicLeapLightEstimation
LogPluginManager: Mounting plugin MagicLeapMedia
LogPluginManager: Mounting plugin MagicLeapPassableWorld
LogPluginManager: Mounting plugin MLSDK
LogPluginManager: Mounting plugin AndroidMedia
LogPluginManager: Mounting plugin AvfMedia
LogPluginManager: Mounting plugin ImgMedia
LogPluginManager: Mounting plugin MediaCompositing
LogPluginManager: Mounting plugin MediaPlayerEditor
LogPluginManager: Mounting plugin WebMMedia
LogPluginManager: Mounting plugin AlembicImporter
LogPluginManager: Mounting plugin WmfMedia
LogPluginManager: Mounting plugin AutomationUtils
LogPluginManager: Mounting plugin BackChannel
LogPluginManager: Mounting plugin ChaosCloth
LogPluginManager: Mounting plugin ChaosClothEditor
LogPluginManager: Mounting plugin ChaosSolverPlugin
LogPluginManager: Mounting plugin ChaosNiagara
LogPluginManager: Mounting plugin ChaosEditor
LogPluginManager: Mounting plugin CharacterAI
LogPluginManager: Mounting plugin GeometryProcessing
LogPluginManager: Mounting plugin GeometryCache
LogPluginManager: Mounting plugin GeometryCollectionPlugin
LogPluginManager: Mounting plugin MotoSynth
LogPluginManager: Mounting plugin PlanarCut
LogPluginManager: Mounting plugin ProxyLODPlugin
LogPluginManager: Mounting plugin PythonScriptPlugin
LogPluginManager: Mounting plugin PlatformCrypto
LogPluginManager: Mounting plugin OpenImageDenoise
LogPluginManager: Mounting plugin SkeletalReduction
LogPluginManager: Mounting plugin TcpMessaging
LogPluginManager: Mounting plugin ActorSequence
LogPluginManager: Mounting plugin UdpMessaging
LogPluginManager: Mounting plugin MatineeToLevelSequence
LogPluginManager: Mounting plugin LevelSequenceEditor
LogPluginManager: Mounting plugin TemplateSequence
LogPluginManager: Mounting plugin OnlineSubsystem
LogPluginManager: Mounting plugin OnlineSubsystemNull
LogPluginManager: Mounting plugin OnlineSubsystemUtils
LogPluginManager: Mounting plugin LauncherChunkInstaller
LogPluginManager: Mounting plugin ActorLayerUtilities
LogPluginManager: Mounting plugin AndroidMoviePlayer
LogPluginManager: Mounting plugin AndroidPermission
LogPluginManager: Mounting plugin AndroidDeviceProfileSelector
LogPluginManager: Mounting plugin AppleImageUtils
LogPluginManager: Mounting plugin AppleMoviePlayer
LogPluginManager: Mounting plugin ArchVisCharacter
LogPluginManager: Mounting plugin AssetTags
LogPluginManager: Mounting plugin AudioCapture
LogPluginManager: Mounting plugin AudioSynesthesia
LogPluginManager: Mounting plugin ChunkDownloader
LogPluginManager: Mounting plugin CableComponent
LogPluginManager: Mounting plugin CustomMeshComponent
LogPluginManager: Mounting plugin ExampleDeviceProfileSelector
LogPluginManager: Mounting plugin EditableMesh
LogPluginManager: Mounting plugin GooglePAD
LogPluginManager: Mounting plugin GoogleCloudMessaging
LogPluginManager: Mounting plugin LinuxDeviceProfileSelector
LogPluginManager: Mounting plugin IOSDeviceProfileSelector
LogPluginManager: Mounting plugin LocationServicesBPLibrary
LogPluginManager: Mounting plugin MobilePatchingUtils
LogPluginManager: Mounting plugin OpenXR
LogPluginManager: Mounting plugin OpenXREyeTracker
LogPluginManager: Mounting plugin OpenXRHandTracking
LogPluginManager: Mounting plugin PhysXVehicles
LogPluginManager: Mounting plugin ProceduralMeshComponent
LogPluginManager: Mounting plugin PropertyAccessEditor
LogPluginManager: Mounting plugin PostSplashScreen
LogPluginManager: Mounting plugin RuntimePhysXCooking
LogPluginManager: Mounting plugin SignificanceManager
LogPluginManager: Mounting plugin SoundFields
LogPluginManager: Mounting plugin Synthesis
LogPluginManager: Mounting plugin WebMMoviePlayer
LogPluginManager: Mounting plugin WindowsMoviePlayer
LogPluginManager: Mounting plugin ScreenshotTools
LogPluginManager: Mounting plugin AnimationSharing
LogPluginManager: Mounting plugin Takes
LogPluginManager: Mounting plugin CLionSourceCodeAccess
LogPluginManager: Mounting plugin CodeLiteSourceCodeAccess
LogPluginManager: Mounting plugin GitSourceControl
LogPluginManager: Mounting plugin KDevelopSourceCodeAccess
LogPluginManager: Mounting plugin PerforceSourceControl
LogPluginManager: Mounting plugin PixWinPlugin
LogPluginManager: Mounting plugin PlasticSourceControl
LogPluginManager: Mounting plugin PluginUtils
LogPluginManager: Mounting plugin PropertyAccessNode
LogPluginManager: Mounting plugin SubversionSourceControl
LogPluginManager: Mounting plugin RiderSourceCodeAccess
LogPluginManager: Mounting plugin TextureFormatOodle
LogPluginManager: Mounting plugin UObjectPlugin
LogPluginManager: Mounting plugin VisualStudioCodeSourceCodeAccess
LogPluginManager: Mounting plugin VisualStudioSourceCodeAccess
LogPluginManager: Mounting plugin XCodeSourceCodeAccess
LogPluginManager: Mounting plugin NullSourceCodeAccess
LogPluginManager: Mounting plugin ContentBrowserAssetDataSource
LogPluginManager: Mounting plugin ContentBrowserClassDataSource
LogPluginManager: Mounting plugin ContentBrowserFileDataSource
LogPluginManager: Mounting plugin OnlineSubsystemGooglePlay
LogPluginManager: Mounting plugin OnlineSubsystemIOS
LogPluginManager: Mounting plugin OculusVR
LogPluginManager: Mounting plugin SteamVR
LogInit: Using libcurl 7.55.1-DEV
LogInit:  - built for x86_64-pc-win32
LogInit:  - supports SSL with OpenSSL/1.1.1
LogInit:  - supports HTTP deflate (compression) using libz 1.2.8
LogInit:  - other features:
LogInit:      CURL_VERSION_SSL
LogInit:      CURL_VERSION_LIBZ
LogInit:      CURL_VERSION_IPV6
LogInit:      CURL_VERSION_ASYNCHDNS
LogInit:      CURL_VERSION_LARGEFILE
LogInit:      CURL_VERSION_IDN
LogInit:  CurlRequestOptions (configurable via config and command line):
LogInit:  - bVerifyPeer = true  - Libcurl will verify peer certificate
LogInit:  - bUseHttpProxy = false  - Libcurl will NOT use HTTP proxy
LogInit:  - bDontReuseConnections = false  - Libcurl will reuse connections
LogInit:  - MaxHostConnections = 16  - Libcurl will limit the number of connections to a host
LogInit:  - LocalHostAddr = Default
LogInit:  - BufferSize = 65536
LogOnline: OSS: Creating online subsystem instance for: NULL
LogInit: WinSock: version 1.1 (2.2), MaxSocks=32767, MaxUdp=65467
LogOnline: OSS: TryLoadSubsystemAndSetDefault: Loaded subsystem for module [NULL]
PixWinPlugin: PIX capture plugin failed to initialize! Check that the process is launched from PIX.
LogOculusPluginWrapper: OculusPlugin initialized successfully
LogHMD: Failed initializing OVRPlugin 1.59.0
LogInit: Build: ++UE4+Release-4.27-CL-18319896
LogInit: Engine Version: 4.27.2-18319896+++UE4+Release-4.27
LogInit: Compatible Engine Version: 4.27.0-17155196+++UE4+Release-4.27
LogInit: Net CL: 17155196
LogInit: OS: Windows 10 (Release 2009) (), CPU: 11th Gen Intel(R) Core(TM) i7-1165G7 @ 2.80GHz, GPU: Intel(R) Iris(R) Xe Graphics
LogInit: Compiled (64-bit): Nov 30 2021 07:12:08
LogInit: Compiled with Visual C++: 19.24.28315.00
LogInit: Build Configuration: Development
LogInit: Branch Name: ++UE4+Release-4.27
LogInit: Command Line: 
LogInit: Base Directory: C:/Program Files/Epic Games/UE_4.27/Engine/Binaries/Win64/
LogInit: Allocator: TBB
LogInit: Installed Engine Build: 1
LogDevObjectVersion: Number of dev versions registered: 29
LogDevObjectVersion:   Dev-Blueprints (B0D832E4-1F89-4F0D-ACCF-7EB736FD4AA2): 10
LogDevObjectVersion:   Dev-Build (E1C64328-A22C-4D53-A36C-8E866417BD8C): 0
LogDevObjectVersion:   Dev-Core (375EC13C-06E4-48FB-B500-84F0262A717E): 4
LogDevObjectVersion:   Dev-Editor (E4B068ED-F494-42E9-A231-DA0B2E46BB41): 40
LogDevObjectVersion:   Dev-Framework (CFFC743F-43B0-4480-9391-14DF171D2073): 37
LogDevObjectVersion:   Dev-Mobile (B02B49B5-BB20-44E9-A304-32B752E40360): 3
LogDevObjectVersion:   Dev-Networking (A4E4105C-59A1-49B5-A7C5-40C4547EDFEE): 0
LogDevObjectVersion:   Dev-Online (39C831C9-5AE6-47DC-9A44-9C173E1C8E7C): 0
LogDevObjectVersion:   Dev-Physics (78F01B33-EBEA-4F98-B9B4-84EACCB95AA2): 14
LogDevObjectVersion:   Dev-Platform (6631380F-2D4D-43E0-8009-CF276956A95A): 0
LogDevObjectVersion:   Dev-Rendering (12F88B9F-8875-4AFC-A67C-D90C383ABD29): 45
LogDevObjectVersion:   Dev-Sequencer (7B5AE74C-D270-4C10-A958-57980B212A5A): 13
LogDevObjectVersion:   Dev-VR (D7296918-1DD6-4BDD-9DE2-64A83CC13884): 3
LogDevObjectVersion:   Dev-LoadTimes (C2A15278-BFE7-4AFE-6C17-90FF531DF755): 1
LogDevObjectVersion:   Private-Geometry (6EACA3D4-40EC-4CC1-B786-8BED09428FC5): 3
LogDevObjectVersion:   Dev-AnimPhys (29E575DD-E0A3-4627-9D10-D276232CDCEA): 17
LogDevObjectVersion:   Dev-Anim (AF43A65D-7FD3-4947-9873-3E8ED9C1BB05): 15
LogDevObjectVersion:   Dev-ReflectionCapture (6B266CEC-1EC7-4B8F-A30B-E4D90942FC07): 1
LogDevObjectVersion:   Dev-Automation (0DF73D61-A23F-47EA-B727-89E90C41499A): 1
LogDevObjectVersion:   FortniteMain (601D1886-AC64-4F84-AA16-D3DE0DEAC7D6): 47
LogDevObjectVersion:   FortniteRelease (E7086368-6B23-4C58-8439-1B7016265E91): 1
LogDevObjectVersion:   Dev-Enterprise (9DFFBCD6-494F-0158-E221-12823C92A888): 10
LogDevObjectVersion:   Dev-Niagara (F2AED0AC-9AFE-416F-8664-AA7FFA26D6FC): 1
LogDevObjectVersion:   Dev-Destruction (174F1F0B-B4C6-45A5-B13F-2EE8D0FB917D): 10
LogDevObjectVersion:   Dev-Physics-Ext (35F94A83-E258-406C-A318-09F59610247C): 41
LogDevObjectVersion:   Dev-PhysicsMaterial-Chaos (B68FC16E-8B1B-42E2-B453-215C058844FE): 1
LogDevObjectVersion:   Dev-CineCamera (B2E18506-4273-CFC2-A54E-F4BB758BBA07): 1
LogDevObjectVersion:   Dev-VirtualProduction (64F58936-FD1B-42BA-BA96-7289D5D0FA4E): 1
LogDevObjectVersion:   Dev-MediaFramework (6F0ED827-A609-4895-9C91-998D90180EA4): 2
LogInit: Presizing for max 25165824 objects, including 0 objects not considered by GC, pre-allocating 0 bytes for permanent pool.
LogConfig: Applying CVar settings from Section [/Script/Engine.StreamingSettings] File [C:/Users/ajosan25/GithubOpenSrc/Resin/Resin/Saved/Config/Windows/Engine.ini]
LogConfig: Setting CVar [[s.MinBulkDataSizeForAsyncLoading:131072]]
LogConfig: Setting CVar [[s.AsyncLoadingThreadEnabled:0]]
LogConfig: Setting CVar [[s.EventDrivenLoaderEnabled:1]]
LogConfig: Setting CVar [[s.WarnIfTimeLimitExceeded:0]]
LogConfig: Setting CVar [[s.TimeLimitExceededMultiplier:1.5]]
LogConfig: Setting CVar [[s.TimeLimitExceededMinTime:0.005]]
LogConfig: Setting CVar [[s.UseBackgroundLevelStreaming:1]]
LogConfig: Setting CVar [[s.PriorityAsyncLoadingExtraTime:15.0]]
LogConfig: Setting CVar [[s.LevelStreamingActorsUpdateTimeLimit:5.0]]
LogConfig: Setting CVar [[s.PriorityLevelStreamingActorsUpdateExtraTime:5.0]]
LogConfig: Setting CVar [[s.LevelStreamingComponentsRegistrationGranularity:10]]
LogConfig: Setting CVar [[s.UnregisterComponentsTimeLimit:1.0]]
LogConfig: Setting CVar [[s.LevelStreamingComponentsUnregistrationGranularity:5]]
LogConfig: Setting CVar [[s.FlushStreamingOnExit:1]]
LogInit: Object subsystem initialized
LogConfig: Setting CVar [[con.DebugEarlyDefault:1]]
LogConfig: Setting CVar [[r.setres:1280x720]]
[2024.01.18-01.39.50:624][  0]LogConfig: Setting CVar [[r.VSync:0]]
[2024.01.18-01.39.50:624][  0]LogConfig: Setting CVar [[r.RHICmdBypass:0]]
[2024.01.18-01.39.50:624][  0]LogConfig: Applying CVar settings from Section [/Script/Engine.RendererSettings] File [C:/Users/ajosan25/GithubOpenSrc/Resin/Resin/Saved/Config/Windows/Engine.ini]
[2024.01.18-01.39.50:624][  0]LogConfig: Setting CVar [[r.GPUCrashDebugging:0]]
[2024.01.18-01.39.50:624][  0]LogConfig: Setting CVar [[r.SkinCache.CompileShaders:1]]
[2024.01.18-01.39.50:624][  0]LogConfig: Setting CVar [[r.RayTracing:1]]
[2024.01.18-01.39.50:624][  0]LogConfig: Applying CVar settings from Section [/Script/Engine.RendererOverrideSettings] File [C:/Users/ajosan25/GithubOpenSrc/Resin/Resin/Saved/Config/Windows/Engine.ini]
[2024.01.18-01.39.50:625][  0]LogConfig: Applying CVar settings from Section [/Script/Engine.StreamingSettings] File [C:/Users/ajosan25/GithubOpenSrc/Resin/Resin/Saved/Config/Windows/Engine.ini]
[2024.01.18-01.39.50:625][  0]LogConfig: Setting CVar [[s.MinBulkDataSizeForAsyncLoading:131072]]
[2024.01.18-01.39.50:625][  0]LogConfig: Setting CVar [[s.AsyncLoadingThreadEnabled:0]]
[2024.01.18-01.39.50:625][  0]LogConfig: Setting CVar [[s.EventDrivenLoaderEnabled:1]]
[2024.01.18-01.39.50:625][  0]LogConfig: Setting CVar [[s.WarnIfTimeLimitExceeded:0]]
[2024.01.18-01.39.50:625][  0]LogConfig: Setting CVar [[s.TimeLimitExceededMultiplier:1.5]]
[2024.01.18-01.39.50:625][  0]LogConfig: Setting CVar [[s.TimeLimitExceededMinTime:0.005]]
[2024.01.18-01.39.50:625][  0]LogConfig: Setting CVar [[s.UseBackgroundLevelStreaming:1]]
[2024.01.18-01.39.50:625][  0]LogConfig: Setting CVar [[s.PriorityAsyncLoadingExtraTime:15.0]]
[2024.01.18-01.39.50:625][  0]LogConfig: Setting CVar [[s.LevelStreamingActorsUpdateTimeLimit:5.0]]
[2024.01.18-01.39.50:625][  0]LogConfig: Setting CVar [[s.PriorityLevelStreamingActorsUpdateExtraTime:5.0]]
[2024.01.18-01.39.50:626][  0]LogConfig: Setting CVar [[s.LevelStreamingComponentsRegistrationGranularity:10]]
[2024.01.18-01.39.50:626][  0]LogConfig: Setting CVar [[s.UnregisterComponentsTimeLimit:1.0]]
[2024.01.18-01.39.50:626][  0]LogConfig: Setting CVar [[s.LevelStreamingComponentsUnregistrationGranularity:5]]
[2024.01.18-01.39.50:626][  0]LogConfig: Setting CVar [[s.FlushStreamingOnExit:1]]
[2024.01.18-01.39.50:626][  0]LogConfig: Applying CVar settings from Section [/Script/Engine.GarbageCollectionSettings] File [C:/Users/ajosan25/GithubOpenSrc/Resin/Resin/Saved/Config/Windows/Engine.ini]
[2024.01.18-01.39.50:626][  0]LogConfig: Setting CVar [[gc.MaxObjectsNotConsideredByGC:1]]
[2024.01.18-01.39.50:626][  0]LogConfig: Setting CVar [[gc.SizeOfPermanentObjectPool:0]]
[2024.01.18-01.39.50:626][  0]LogConfig: Setting CVar [[gc.FlushStreamingOnGC:0]]
[2024.01.18-01.39.50:626][  0]LogConfig: Setting CVar [[gc.NumRetriesBeforeForcingGC:10]]
[2024.01.18-01.39.50:626][  0]LogConfig: Setting CVar [[gc.AllowParallelGC:1]]
[2024.01.18-01.39.50:626][  0]LogConfig: Setting CVar [[gc.TimeBetweenPurgingPendingKillObjects:61.1]]
[2024.01.18-01.39.50:626][  0]LogConfig: Setting CVar [[gc.MaxObjectsInEditor:25165824]]
[2024.01.18-01.39.50:627][  0]LogConfig: Setting CVar [[gc.IncrementalBeginDestroyEnabled:1]]
[2024.01.18-01.39.50:627][  0]LogConfig: Setting CVar [[gc.CreateGCClusters:1]]
[2024.01.18-01.39.50:627][  0]LogConfig: Setting CVar [[gc.MinGCClusterSize:5]]
[2024.01.18-01.39.50:627][  0]LogConfig: Setting CVar [[gc.ActorClusteringEnabled:0]]
[2024.01.18-01.39.50:627][  0]LogConfig: Setting CVar [[gc.BlueprintClusteringEnabled:0]]
[2024.01.18-01.39.50:627][  0]LogConfig: Setting CVar [[gc.UseDisregardForGCOnDedicatedServers:0]]
[2024.01.18-01.39.50:627][  0]LogConfig: Setting CVar [[gc.MultithreadedDestructionEnabled:1]]
[2024.01.18-01.39.50:627][  0]LogConfig: Applying CVar settings from Section [/Script/Engine.NetworkSettings] File [C:/Users/ajosan25/GithubOpenSrc/Resin/Resin/Saved/Config/Windows/Engine.ini]
[2024.01.18-01.39.50:627][  0]LogConfig: Applying CVar settings from Section [/Script/UnrealEd.CookerSettings] File [C:/Users/ajosan25/GithubOpenSrc/Resin/Resin/Saved/Config/Windows/Engine.ini]
[2024.01.18-01.39.50:783][  0]LogConfig: Applying CVar settings from Section [ViewDistanceQuality@3] File [C:/Users/ajosan25/GithubOpenSrc/Resin/Resin/Saved/Config/Windows/Scalability.ini]
[2024.01.18-01.39.50:783][  0]LogConfig: Setting CVar [[r.SkeletalMeshLODBias:0]]
[2024.01.18-01.39.50:783][  0]LogConfig: Setting CVar [[r.ViewDistanceScale:1.0]]
[2024.01.18-01.39.50:783][  0]LogConfig: Applying CVar settings from Section [AntiAliasingQuality@3] File [C:/Users/ajosan25/GithubOpenSrc/Resin/Resin/Saved/Config/Windows/Scalability.ini]
[2024.01.18-01.39.50:783][  0]LogConfig: Setting CVar [[r.PostProcessAAQuality:4]]
[2024.01.18-01.39.50:784][  0]LogConfig: Applying CVar settings from Section [ShadowQuality@3] File [C:/Users/ajosan25/GithubOpenSrc/Resin/Resin/Saved/Config/Windows/Scalability.ini]
[2024.01.18-01.39.50:784][  0]LogConfig: Setting CVar [[r.LightFunctionQuality:1]]
[2024.01.18-01.39.50:784][  0]LogConfig: Setting CVar [[r.ShadowQuality:5]]
[2024.01.18-01.39.50:785][  0]LogConfig: Setting CVar [[r.Shadow.CSM.MaxCascades:10]]
[2024.01.18-01.39.50:785][  0]LogConfig: Setting CVar [[r.Shadow.MaxResolution:2048]]
[2024.01.18-01.39.50:785][  0]LogConfig: Setting CVar [[r.Shadow.MaxCSMResolution:2048]]
[2024.01.18-01.39.50:785][  0]LogConfig: Setting CVar [[r.Shadow.RadiusThreshold:0.01]]
[2024.01.18-01.39.50:785][  0]LogConfig: Setting CVar [[r.Shadow.DistanceScale:1.0]]
[2024.01.18-01.39.50:785][  0]LogConfig: Setting CVar [[r.Shadow.CSM.TransitionScale:1.0]]
[2024.01.18-01.39.50:785][  0]LogConfig: Setting CVar [[r.Shadow.PreShadowResolutionFactor:1.0]]
[2024.01.18-01.39.50:785][  0]LogConfig: Setting CVar [[r.DistanceFieldShadowing:1]]
[2024.01.18-01.39.50:785][  0]LogConfig: Setting CVar [[r.DistanceFieldAO:1]]
[2024.01.18-01.39.50:785][  0]LogConfig: Setting CVar [[r.AOQuality:2]]
[2024.01.18-01.39.50:785][  0]LogConfig: Setting CVar [[r.VolumetricFog:1]]
[2024.01.18-01.39.50:785][  0]LogConfig: Setting CVar [[r.VolumetricFog.GridPixelSize:8]]
[2024.01.18-01.39.50:785][  0]LogConfig: Setting CVar [[r.VolumetricFog.GridSizeZ:128]]
[2024.01.18-01.39.50:785][  0]LogConfig: Setting CVar [[r.VolumetricFog.HistoryMissSupersampleCount:4]]
[2024.01.18-01.39.50:785][  0]LogConfig: Setting CVar [[r.LightMaxDrawDistanceScale:1]]
[2024.01.18-01.39.50:785][  0]LogConfig: Setting CVar [[r.CapsuleShadows:1]]
[2024.01.18-01.39.50:785][  0]LogConfig: Applying CVar settings from Section [PostProcessQuality@3] File [C:/Users/ajosan25/GithubOpenSrc/Resin/Resin/Saved/Config/Windows/Scalability.ini]
[2024.01.18-01.39.50:785][  0]LogConfig: Setting CVar [[r.MotionBlurQuality:4]]
[2024.01.18-01.39.50:785][  0]LogConfig: Setting CVar [[r.AmbientOcclusionMipLevelFactor:0.4]]
[2024.01.18-01.39.50:785][  0]LogConfig: Setting CVar [[r.AmbientOcclusionMaxQuality:100]]
[2024.01.18-01.39.50:786][  0]LogConfig: Setting CVar [[r.AmbientOcclusionLevels:-1]]
[2024.01.18-01.39.50:786][  0]LogConfig: Setting CVar [[r.AmbientOcclusionRadiusScale:1.0]]
[2024.01.18-01.39.50:786][  0]LogConfig: Setting CVar [[r.DepthOfFieldQuality:2]]
[2024.01.18-01.39.50:786][  0]LogConfig: Setting CVar [[r.RenderTargetPoolMin:400]]
[2024.01.18-01.39.50:786][  0]LogConfig: Setting CVar [[r.LensFlareQuality:2]]
[2024.01.18-01.39.50:786][  0]LogConfig: Setting CVar [[r.SceneColorFringeQuality:1]]
[2024.01.18-01.39.50:786][  0]LogConfig: Setting CVar [[r.EyeAdaptationQuality:2]]
[2024.01.18-01.39.50:786][  0]LogConfig: Setting CVar [[r.BloomQuality:5]]
[2024.01.18-01.39.50:786][  0]LogConfig: Setting CVar [[r.FastBlurThreshold:100]]
[2024.01.18-01.39.50:787][  0]LogConfig: Setting CVar [[r.Upscale.Quality:3]]
[2024.01.18-01.39.50:787][  0]LogConfig: Setting CVar [[r.Tonemapper.GrainQuantization:1]]
[2024.01.18-01.39.50:787][  0]LogConfig: Setting CVar [[r.LightShaftQuality:1]]
[2024.01.18-01.39.50:787][  0]LogConfig: Setting CVar [[r.Filter.SizeScale:1]]
[2024.01.18-01.39.50:787][  0]LogConfig: Setting CVar [[r.Tonemapper.Quality:5]]
[2024.01.18-01.39.50:787][  0]LogConfig: Setting CVar [[r.DOF.Gather.AccumulatorQuality:1        ; higher gathering accumulator quality]]
[2024.01.18-01.39.50:787][  0]LogConfig: Setting CVar [[r.DOF.Gather.PostfilterMethod:1          ; Median3x3 postfilering method]]
[2024.01.18-01.39.50:787][  0]LogConfig: Setting CVar [[r.DOF.Gather.EnableBokehSettings:0       ; no bokeh simulation when gathering]]
[2024.01.18-01.39.50:787][  0]LogConfig: Setting CVar [[r.DOF.Gather.RingCount:4                 ; medium number of samples when gathering]]
[2024.01.18-01.39.50:787][  0]LogConfig: Setting CVar [[r.DOF.Scatter.ForegroundCompositing:1    ; additive foreground scattering]]
[2024.01.18-01.39.50:787][  0]LogConfig: Setting CVar [[r.DOF.Scatter.BackgroundCompositing:2    ; additive background scattering]]
[2024.01.18-01.39.50:787][  0]LogConfig: Setting CVar [[r.DOF.Scatter.EnableBokehSettings:1      ; bokeh simulation when scattering]]
[2024.01.18-01.39.50:787][  0]LogConfig: Setting CVar [[r.DOF.Scatter.MaxSpriteRatio:0.1         ; only a maximum of 10% of scattered bokeh]]
[2024.01.18-01.39.50:787][  0]LogConfig: Setting CVar [[r.DOF.Recombine.Quality:1                ; cheap slight out of focus]]
[2024.01.18-01.39.50:788][  0]LogConfig: Setting CVar [[r.DOF.Recombine.EnableBokehSettings:0    ; no bokeh simulation on slight out of focus]]
[2024.01.18-01.39.50:788][  0]LogConfig: Setting CVar [[r.DOF.TemporalAAQuality:1                ; more stable temporal accumulation]]
[2024.01.18-01.39.50:788][  0]LogConfig: Setting CVar [[r.DOF.Kernel.MaxForegroundRadius:0.025]]
[2024.01.18-01.39.50:788][  0]LogConfig: Setting CVar [[r.DOF.Kernel.MaxBackgroundRadius:0.025]]
[2024.01.18-01.39.50:788][  0]LogConfig: Applying CVar settings from Section [TextureQuality@3] File [C:/Users/ajosan25/GithubOpenSrc/Resin/Resin/Saved/Config/Windows/Scalability.ini]
[2024.01.18-01.39.50:788][  0]LogConfig: Setting CVar [[r.Streaming.MipBias:0]]
[2024.01.18-01.39.50:788][  0]LogConfig: Setting CVar [[r.Streaming.AmortizeCPUToGPUCopy:0]]
[2024.01.18-01.39.50:788][  0]LogConfig: Setting CVar [[r.Streaming.MaxNumTexturesToStreamPerFrame:0]]
[2024.01.18-01.39.50:788][  0]LogConfig: Setting CVar [[r.Streaming.Boost:1]]
[2024.01.18-01.39.50:788][  0]LogConfig: Setting CVar [[r.MaxAnisotropy:8]]
[2024.01.18-01.39.50:788][  0]LogConfig: Setting CVar [[r.VT.MaxAnisotropy:8]]
[2024.01.18-01.39.50:788][  0]LogConfig: Setting CVar [[r.Streaming.LimitPoolSizeToVRAM:0]]
[2024.01.18-01.39.50:788][  0]LogConfig: Setting CVar [[r.Streaming.PoolSize:1000]]
[2024.01.18-01.39.50:789][  0]LogConfig: Setting CVar [[r.Streaming.MaxEffectiveScreenSize:0]]
[2024.01.18-01.39.50:789][  0]LogConfig: Applying CVar settings from Section [EffectsQuality@3] File [C:/Users/ajosan25/GithubOpenSrc/Resin/Resin/Saved/Config/Windows/Scalability.ini]
[2024.01.18-01.39.50:789][  0]LogConfig: Setting CVar [[r.TranslucencyLightingVolumeDim:64]]
[2024.01.18-01.39.50:789][  0]LogConfig: Setting CVar [[r.RefractionQuality:2]]
[2024.01.18-01.39.50:789][  0]LogConfig: Setting CVar [[r.SSR.Quality:3]]
[2024.01.18-01.39.50:789][  0]LogConfig: Setting CVar [[r.SSR.HalfResSceneColor:0]]
[2024.01.18-01.39.50:789][  0]LogConfig: Setting CVar [[r.SceneColorFormat:4]]
[2024.01.18-01.39.50:789][  0]LogConfig: Setting CVar [[r.DetailMode:2]]
[2024.01.18-01.39.50:789][  0]LogConfig: Setting CVar [[r.TranslucencyVolumeBlur:1]]
[2024.01.18-01.39.50:789][  0]LogConfig: Setting CVar [[r.MaterialQualityLevel:1 ; High quality]]
[2024.01.18-01.39.50:789][  0]LogConfig: Setting CVar [[r.AnisotropicMaterials:1]]
[2024.01.18-01.39.50:789][  0]LogConfig: Setting CVar [[r.SSS.Scale:1]]
[2024.01.18-01.39.50:789][  0]LogConfig: Setting CVar [[r.SSS.SampleSet:2]]
[2024.01.18-01.39.50:790][  0]LogConfig: Setting CVar [[r.SSS.Quality:1]]
[2024.01.18-01.39.50:790][  0]LogConfig: Setting CVar [[r.SSS.HalfRes:0]]
[2024.01.18-01.39.50:790][  0]LogConfig: Setting CVar [[r.SSGI.Quality:3]]
[2024.01.18-01.39.50:790][  0]LogConfig: Setting CVar [[r.EmitterSpawnRateScale:1.0]]
[2024.01.18-01.39.50:790][  0]LogConfig: Setting CVar [[r.ParticleLightQuality:2]]
[2024.01.18-01.39.50:790][  0]LogConfig: Setting CVar [[r.SkyAtmosphere.AerialPerspectiveLUT.FastApplyOnOpaque:1 ; Always have FastSkyLUT 1 in this case to avoid wrong sky]]
[2024.01.18-01.39.50:790][  0]LogConfig: Setting CVar [[r.SkyAtmosphere.AerialPerspectiveLUT.SampleCountMaxPerSlice:4]]
[2024.01.18-01.39.50:790][  0]LogConfig: Setting CVar [[r.SkyAtmosphere.AerialPerspectiveLUT.DepthResolution:16.0]]
[2024.01.18-01.39.50:790][  0]LogConfig: Setting CVar [[r.SkyAtmosphere.FastSkyLUT:1]]
[2024.01.18-01.39.50:790][  0]LogConfig: Setting CVar [[r.SkyAtmosphere.FastSkyLUT.SampleCountMin:4.0]]
[2024.01.18-01.39.50:790][  0]LogConfig: Setting CVar [[r.SkyAtmosphere.FastSkyLUT.SampleCountMax:128.0]]
[2024.01.18-01.39.50:790][  0]LogConfig: Setting CVar [[r.SkyAtmosphere.SampleCountMin:4.0]]
[2024.01.18-01.39.50:790][  0]LogConfig: Setting CVar [[r.SkyAtmosphere.SampleCountMax:128.0]]
[2024.01.18-01.39.50:790][  0]LogConfig: Setting CVar [[r.SkyAtmosphere.TransmittanceLUT.UseSmallFormat:0]]
[2024.01.18-01.39.50:791][  0]LogConfig: Setting CVar [[r.SkyAtmosphere.TransmittanceLUT.SampleCount:10.0]]
[2024.01.18-01.39.50:791][  0]LogConfig: Setting CVar [[r.SkyAtmosphere.MultiScatteringLUT.SampleCount:15.0]]
[2024.01.18-01.39.50:791][  0]LogConfig: Setting CVar [[r.SkyLight.RealTimeReflectionCapture:1]]
[2024.01.18-01.39.50:791][  0]LogConfig: Applying CVar settings from Section [FoliageQuality@3] File [C:/Users/ajosan25/GithubOpenSrc/Resin/Resin/Saved/Config/Windows/Scalability.ini]
[2024.01.18-01.39.50:791][  0]LogConfig: Setting CVar [[foliage.DensityScale:1.0]]
[2024.01.18-01.39.50:791][  0]LogConfig: Setting CVar [[grass.DensityScale:1.0]]
[2024.01.18-01.39.50:791][  0]LogConfig: Applying CVar settings from Section [ShadingQuality@3] File [C:/Users/ajosan25/GithubOpenSrc/Resin/Resin/Saved/Config/Windows/Scalability.ini]
[2024.01.18-01.39.50:791][  0]LogConfig: Setting CVar [[r.HairStrands.SkyLighting.IntegrationType:2]]
[2024.01.18-01.39.50:791][  0]LogConfig: Setting CVar [[r.HairStrands.SkyAO.SampleCount:4]]
[2024.01.18-01.39.50:791][  0]LogConfig: Setting CVar [[r.HairStrands.Visibility.MSAA.SamplePerPixel:4]]
[2024.01.18-01.39.50:791][  0]LogInit: Selected Device Profile: [Windows]
[2024.01.18-01.39.50:792][  0]LogInit: Applying CVar settings loaded from the selected device profile: [Windows]
[2024.01.18-01.39.50:792][  0]LogHAL: Display: Platform has ~ 16 GB [16832172032 / 17179869184 / 16], which maps to Larger [LargestMinGB=32, LargerMinGB=12, DefaultMinGB=8, SmallerMinGB=6, SmallestMinGB=0)
[2024.01.18-01.39.50:792][  0]LogInit: Going up to parent DeviceProfile []
[2024.01.18-01.39.50:792][  0]LogConfig: Applying CVar settings from Section [ViewDistanceQuality@3] File [C:/Users/ajosan25/GithubOpenSrc/Resin/Resin/Saved/Config/Windows/Scalability.ini]
[2024.01.18-01.39.50:792][  0]LogConfig: Setting CVar [[r.SkeletalMeshLODBias:0]]
[2024.01.18-01.39.50:792][  0]LogConfig: Setting CVar [[r.ViewDistanceScale:1.0]]
[2024.01.18-01.39.50:792][  0]LogConfig: Applying CVar settings from Section [AntiAliasingQuality@3] File [C:/Users/ajosan25/GithubOpenSrc/Resin/Resin/Saved/Config/Windows/Scalability.ini]
[2024.01.18-01.39.50:793][  0]LogConfig: Setting CVar [[r.PostProcessAAQuality:4]]
[2024.01.18-01.39.50:793][  0]LogConfig: Applying CVar settings from Section [ShadowQuality@3] File [C:/Users/ajosan25/GithubOpenSrc/Resin/Resin/Saved/Config/Windows/Scalability.ini]
[2024.01.18-01.39.50:793][  0]LogConfig: Setting CVar [[r.LightFunctionQuality:1]]
[2024.01.18-01.39.50:793][  0]LogConfig: Setting CVar [[r.ShadowQuality:5]]
[2024.01.18-01.39.50:793][  0]LogConfig: Setting CVar [[r.Shadow.CSM.MaxCascades:10]]
[2024.01.18-01.39.50:793][  0]LogConfig: Setting CVar [[r.Shadow.MaxResolution:2048]]
[2024.01.18-01.39.50:793][  0]LogConfig: Setting CVar [[r.Shadow.MaxCSMResolution:2048]]
[2024.01.18-01.39.50:793][  0]LogConfig: Setting CVar [[r.Shadow.RadiusThreshold:0.01]]
[2024.01.18-01.39.50:794][  0]LogConfig: Setting CVar [[r.Shadow.DistanceScale:1.0]]
[2024.01.18-01.39.50:794][  0]LogConfig: Setting CVar [[r.Shadow.CSM.TransitionScale:1.0]]
[2024.01.18-01.39.50:794][  0]LogConfig: Setting CVar [[r.Shadow.PreShadowResolutionFactor:1.0]]
[2024.01.18-01.39.50:794][  0]LogConfig: Setting CVar [[r.DistanceFieldShadowing:1]]
[2024.01.18-01.39.50:794][  0]LogConfig: Setting CVar [[r.DistanceFieldAO:1]]
[2024.01.18-01.39.50:794][  0]LogConfig: Setting CVar [[r.AOQuality:2]]
[2024.01.18-01.39.50:794][  0]LogConfig: Setting CVar [[r.VolumetricFog:1]]
[2024.01.18-01.39.50:794][  0]LogConfig: Setting CVar [[r.VolumetricFog.GridPixelSize:8]]
[2024.01.18-01.39.50:794][  0]LogConfig: Setting CVar [[r.VolumetricFog.GridSizeZ:128]]
[2024.01.18-01.39.50:794][  0]LogConfig: Setting CVar [[r.VolumetricFog.HistoryMissSupersampleCount:4]]
[2024.01.18-01.39.50:794][  0]LogConfig: Setting CVar [[r.LightMaxDrawDistanceScale:1]]
[2024.01.18-01.39.50:794][  0]LogConfig: Setting CVar [[r.CapsuleShadows:1]]
[2024.01.18-01.39.50:794][  0]LogConfig: Applying CVar settings from Section [PostProcessQuality@3] File [C:/Users/ajosan25/GithubOpenSrc/Resin/Resin/Saved/Config/Windows/Scalability.ini]
[2024.01.18-01.39.50:794][  0]LogConfig: Setting CVar [[r.MotionBlurQuality:4]]
[2024.01.18-01.39.50:795][  0]LogConfig: Setting CVar [[r.AmbientOcclusionMipLevelFactor:0.4]]
[2024.01.18-01.39.50:795][  0]LogConfig: Setting CVar [[r.AmbientOcclusionMaxQuality:100]]
[2024.01.18-01.39.50:795][  0]LogConfig: Setting CVar [[r.AmbientOcclusionLevels:-1]]
[2024.01.18-01.39.50:795][  0]LogConfig: Setting CVar [[r.AmbientOcclusionRadiusScale:1.0]]
[2024.01.18-01.39.50:795][  0]LogConfig: Setting CVar [[r.DepthOfFieldQuality:2]]
[2024.01.18-01.39.50:795][  0]LogConfig: Setting CVar [[r.RenderTargetPoolMin:400]]
[2024.01.18-01.39.50:795][  0]LogConfig: Setting CVar [[r.LensFlareQuality:2]]
[2024.01.18-01.39.50:795][  0]LogConfig: Setting CVar [[r.SceneColorFringeQuality:1]]
[2024.01.18-01.39.50:795][  0]LogConfig: Setting CVar [[r.EyeAdaptationQuality:2]]
[2024.01.18-01.39.50:795][  0]LogConfig: Setting CVar [[r.BloomQuality:5]]
[2024.01.18-01.39.50:795][  0]LogConfig: Setting CVar [[r.FastBlurThreshold:100]]
[2024.01.18-01.39.50:795][  0]LogConfig: Setting CVar [[r.Upscale.Quality:3]]
[2024.01.18-01.39.50:795][  0]LogConfig: Setting CVar [[r.Tonemapper.GrainQuantization:1]]
[2024.01.18-01.39.50:795][  0]LogConfig: Setting CVar [[r.LightShaftQuality:1]]
[2024.01.18-01.39.50:796][  0]LogConfig: Setting CVar [[r.Filter.SizeScale:1]]
[2024.01.18-01.39.50:796][  0]LogConfig: Setting CVar [[r.Tonemapper.Quality:5]]
[2024.01.18-01.39.50:796][  0]LogConfig: Setting CVar [[r.DOF.Gather.AccumulatorQuality:1        ; higher gathering accumulator quality]]
[2024.01.18-01.39.50:796][  0]LogConfig: Setting CVar [[r.DOF.Gather.PostfilterMethod:1          ; Median3x3 postfilering method]]
[2024.01.18-01.39.50:796][  0]LogConfig: Setting CVar [[r.DOF.Gather.EnableBokehSettings:0       ; no bokeh simulation when gathering]]
[2024.01.18-01.39.50:796][  0]LogConfig: Setting CVar [[r.DOF.Gather.RingCount:4                 ; medium number of samples when gathering]]
[2024.01.18-01.39.50:796][  0]LogConfig: Setting CVar [[r.DOF.Scatter.ForegroundCompositing:1    ; additive foreground scattering]]
[2024.01.18-01.39.50:796][  0]LogConfig: Setting CVar [[r.DOF.Scatter.BackgroundCompositing:2    ; additive background scattering]]
[2024.01.18-01.39.50:796][  0]LogConfig: Setting CVar [[r.DOF.Scatter.EnableBokehSettings:1      ; bokeh simulation when scattering]]
[2024.01.18-01.39.50:796][  0]LogConfig: Setting CVar [[r.DOF.Scatter.MaxSpriteRatio:0.1         ; only a maximum of 10% of scattered bokeh]]
[2024.01.18-01.39.50:796][  0]LogConfig: Setting CVar [[r.DOF.Recombine.Quality:1                ; cheap slight out of focus]]
[2024.01.18-01.39.50:796][  0]LogConfig: Setting CVar [[r.DOF.Recombine.EnableBokehSettings:0    ; no bokeh simulation on slight out of focus]]
[2024.01.18-01.39.50:796][  0]LogConfig: Setting CVar [[r.DOF.TemporalAAQuality:1                ; more stable temporal accumulation]]
[2024.01.18-01.39.50:796][  0]LogConfig: Setting CVar [[r.DOF.Kernel.MaxForegroundRadius:0.025]]
[2024.01.18-01.39.50:797][  0]LogConfig: Setting CVar [[r.DOF.Kernel.MaxBackgroundRadius:0.025]]
[2024.01.18-01.39.50:797][  0]LogConfig: Applying CVar settings from Section [TextureQuality@3] File [C:/Users/ajosan25/GithubOpenSrc/Resin/Resin/Saved/Config/Windows/Scalability.ini]
[2024.01.18-01.39.50:797][  0]LogConfig: Setting CVar [[r.Streaming.MipBias:0]]
[2024.01.18-01.39.50:797][  0]LogConfig: Setting CVar [[r.Streaming.AmortizeCPUToGPUCopy:0]]
[2024.01.18-01.39.50:797][  0]LogConfig: Setting CVar [[r.Streaming.MaxNumTexturesToStreamPerFrame:0]]
[2024.01.18-01.39.50:797][  0]LogConfig: Setting CVar [[r.Streaming.Boost:1]]
[2024.01.18-01.39.50:797][  0]LogConfig: Setting CVar [[r.MaxAnisotropy:8]]
[2024.01.18-01.39.50:797][  0]LogConfig: Setting CVar [[r.VT.MaxAnisotropy:8]]
[2024.01.18-01.39.50:797][  0]LogConfig: Setting CVar [[r.Streaming.LimitPoolSizeToVRAM:0]]
[2024.01.18-01.39.50:797][  0]LogConfig: Setting CVar [[r.Streaming.PoolSize:1000]]
[2024.01.18-01.39.50:797][  0]LogConfig: Setting CVar [[r.Streaming.MaxEffectiveScreenSize:0]]
[2024.01.18-01.39.50:797][  0]LogConfig: Applying CVar settings from Section [EffectsQuality@3] File [C:/Users/ajosan25/GithubOpenSrc/Resin/Resin/Saved/Config/Windows/Scalability.ini]
[2024.01.18-01.39.50:797][  0]LogConfig: Setting CVar [[r.TranslucencyLightingVolumeDim:64]]
[2024.01.18-01.39.50:798][  0]LogConfig: Setting CVar [[r.RefractionQuality:2]]
[2024.01.18-01.39.50:798][  0]LogConfig: Setting CVar [[r.SSR.Quality:3]]
[2024.01.18-01.39.50:798][  0]LogConfig: Setting CVar [[r.SSR.HalfResSceneColor:0]]
[2024.01.18-01.39.50:798][  0]LogConfig: Setting CVar [[r.SceneColorFormat:4]]
[2024.01.18-01.39.50:798][  0]LogConfig: Setting CVar [[r.DetailMode:2]]
[2024.01.18-01.39.50:798][  0]LogConfig: Setting CVar [[r.TranslucencyVolumeBlur:1]]
[2024.01.18-01.39.50:798][  0]LogConfig: Setting CVar [[r.MaterialQualityLevel:1 ; High quality]]
[2024.01.18-01.39.50:798][  0]LogConfig: Setting CVar [[r.AnisotropicMaterials:1]]
[2024.01.18-01.39.50:798][  0]LogConfig: Setting CVar [[r.SSS.Scale:1]]
[2024.01.18-01.39.50:798][  0]LogConfig: Setting CVar [[r.SSS.SampleSet:2]]
[2024.01.18-01.39.50:798][  0]LogConfig: Setting CVar [[r.SSS.Quality:1]]
[2024.01.18-01.39.50:798][  0]LogConfig: Setting CVar [[r.SSS.HalfRes:0]]
[2024.01.18-01.39.50:798][  0]LogConfig: Setting CVar [[r.SSGI.Quality:3]]
[2024.01.18-01.39.50:798][  0]LogConfig: Setting CVar [[r.EmitterSpawnRateScale:1.0]]
[2024.01.18-01.39.50:799][  0]LogConfig: Setting CVar [[r.ParticleLightQuality:2]]
[2024.01.18-01.39.50:799][  0]LogConfig: Setting CVar [[r.SkyAtmosphere.AerialPerspectiveLUT.FastApplyOnOpaque:1 ; Always have FastSkyLUT 1 in this case to avoid wrong sky]]
[2024.01.18-01.39.50:799][  0]LogConfig: Setting CVar [[r.SkyAtmosphere.AerialPerspectiveLUT.SampleCountMaxPerSlice:4]]
[2024.01.18-01.39.50:799][  0]LogConfig: Setting CVar [[r.SkyAtmosphere.AerialPerspectiveLUT.DepthResolution:16.0]]
[2024.01.18-01.39.50:799][  0]LogConfig: Setting CVar [[r.SkyAtmosphere.FastSkyLUT:1]]
[2024.01.18-01.39.50:799][  0]LogConfig: Setting CVar [[r.SkyAtmosphere.FastSkyLUT.SampleCountMin:4.0]]
[2024.01.18-01.39.50:799][  0]LogConfig: Setting CVar [[r.SkyAtmosphere.FastSkyLUT.SampleCountMax:128.0]]
[2024.01.18-01.39.50:799][  0]LogConfig: Setting CVar [[r.SkyAtmosphere.SampleCountMin:4.0]]
[2024.01.18-01.39.50:799][  0]LogConfig: Setting CVar [[r.SkyAtmosphere.SampleCountMax:128.0]]
[2024.01.18-01.39.50:800][  0]LogConfig: Setting CVar [[r.SkyAtmosphere.TransmittanceLUT.UseSmallFormat:0]]
[2024.01.18-01.39.50:800][  0]LogConfig: Setting CVar [[r.SkyAtmosphere.TransmittanceLUT.SampleCount:10.0]]
[2024.01.18-01.39.50:800][  0]LogConfig: Setting CVar [[r.SkyAtmosphere.MultiScatteringLUT.SampleCount:15.0]]
[2024.01.18-01.39.50:800][  0]LogConfig: Setting CVar [[r.SkyLight.RealTimeReflectionCapture:1]]
[2024.01.18-01.39.50:800][  0]LogConfig: Applying CVar settings from Section [FoliageQuality@3] File [C:/Users/ajosan25/GithubOpenSrc/Resin/Resin/Saved/Config/Windows/Scalability.ini]
[2024.01.18-01.39.50:800][  0]LogConfig: Setting CVar [[foliage.DensityScale:1.0]]
[2024.01.18-01.39.50:800][  0]LogConfig: Setting CVar [[grass.DensityScale:1.0]]
[2024.01.18-01.39.50:800][  0]LogConfig: Applying CVar settings from Section [ShadingQuality@3] File [C:/Users/ajosan25/GithubOpenSrc/Resin/Resin/Saved/Config/Windows/Scalability.ini]
[2024.01.18-01.39.50:800][  0]LogConfig: Setting CVar [[r.HairStrands.SkyLighting.IntegrationType:2]]
[2024.01.18-01.39.50:800][  0]LogConfig: Setting CVar [[r.HairStrands.SkyAO.SampleCount:4]]
[2024.01.18-01.39.50:801][  0]LogConfig: Setting CVar [[r.HairStrands.Visibility.MSAA.SamplePerPixel:4]]
[2024.01.18-01.39.50:801][  0]LogConfig: Applying CVar settings from Section [Startup] File [../../../Engine/Config/ConsoleVariables.ini]
[2024.01.18-01.39.50:803][  0]LogConfig: Setting CVar [[net.UseAdaptiveNetUpdateFrequency:0]]
[2024.01.18-01.39.50:803][  0]LogConfig: Setting CVar [[p.chaos.AllowCreatePhysxBodies:1]]
[2024.01.18-01.39.50:803][  0]LogConfig: Setting CVar [[fx.SkipVectorVMBackendOptimizations:1]]
[2024.01.18-01.39.50:803][  0]LogConfig: Applying CVar settings from Section [ConsoleVariables] File [C:/Users/ajosan25/GithubOpenSrc/Resin/Resin/Saved/Config/Windows/Engine.ini]
[2024.01.18-01.39.50:803][  0]LogConfig: Applying CVar settings from Section [ConsoleVariables] File [C:/Users/ajosan25/GithubOpenSrc/Resin/Resin/Saved/Config/Windows/Editor.ini]
[2024.01.18-01.39.50:804][  0]LogInit: Computer: L13-AJOSAN25
[2024.01.18-01.39.50:804][  0]LogInit: User: ajosan25
[2024.01.18-01.39.50:804][  0]LogInit: CPU Page size=4096, Cores=4
[2024.01.18-01.39.50:804][  0]LogInit: High frequency timer resolution =10.000000 MHz
[2024.01.18-01.39.50:804][  0]LogMemory: Memory total: Physical=15.7GB (16GB approx)
[2024.01.18-01.39.50:804][  0]LogMemory: Platform Memory Stats for Windows
[2024.01.18-01.39.50:804][  0]LogMemory: Process Physical Memory: 142.97 MB used, 142.97 MB peak
[2024.01.18-01.39.50:804][  0]LogMemory: Process Virtual Memory: 124.99 MB used, 124.99 MB peak
[2024.01.18-01.39.50:804][  0]LogMemory: Physical Memory: 13400.88 MB used,  2651.53 MB free, 16052.41 MB total
[2024.01.18-01.39.50:804][  0]LogMemory: Virtual Memory: 134212744.00 MB used,  4982.11 MB free, 134217728.00 MB total
[2024.01.18-01.39.50:843][  0]LogWindows: WindowsPlatformFeatures enabled
[2024.01.18-01.39.51:004][  0]LogInit: Physics initialised using underlying interface: PhysX
[2024.01.18-01.39.51:008][  0]LogInit: Using OS detected language (en-US).
[2024.01.18-01.39.51:008][  0]LogInit: Using OS detected locale (en-US).
[2024.01.18-01.39.51:052][  0]LogTextLocalizationManager: No specific localization for 'en-US' exists, so the 'en' localization will be used.
[2024.01.18-01.39.53:048][  0]LogInit: Setting process to per monitor DPI aware
[2024.01.18-01.39.53:117][  0]LogWindowsTextInputMethodSystem: Display: IME system deactivated.
[2024.01.18-01.39.53:192][  0]LogSlate: New Slate User Created.  User Index 0, Is Virtual User: 0
[2024.01.18-01.39.53:192][  0]LogSlate: Slate User Registered.  User Index 0, Is Virtual User: 0
[2024.01.18-01.39.54:429][  0]LogD3D12RHI: Aftermath initialized
[2024.01.18-01.39.54:429][  0]LogD3D12RHI: Loading WinPixEventRuntime.dll for PIX profiling (from ../../../Engine/Binaries/ThirdParty/Windows/WinPixEventRuntime/x64).
[2024.01.18-01.39.54:504][  0]LogHMD: Failed to initialize OpenVR with code 110
[2024.01.18-01.40.00:953][  0]LogD3D12RHI: Found D3D12 adapter 0: Intel(R) Iris(R) Xe Graphics (Max supported Feature Level 12_1)
[2024.01.18-01.40.00:953][  0]LogD3D12RHI: Adapter has 128MB of dedicated video memory, 0MB of dedicated system memory, and 8026MB of shared system memory, 1 output[s]
[2024.01.18-01.40.01:059][  0]LogD3D12RHI: Found D3D12 adapter 1: Microsoft Basic Render Driver (Max supported Feature Level 12_1)
[2024.01.18-01.40.01:060][  0]LogD3D12RHI: Adapter has 0MB of dedicated video memory, 0MB of dedicated system memory, and 8026MB of shared system memory, 0 output[s]
[2024.01.18-01.40.09:293][  0]LogD3D12RHI: Found D3D12 adapter 2: Intel(R) Iris(R) Xe Graphics (Max supported Feature Level 12_1)
[2024.01.18-01.40.09:293][  0]LogD3D12RHI: Adapter has 128MB of dedicated video memory, 0MB of dedicated system memory, and 8026MB of shared system memory, 0 output[s]
[2024.01.18-01.40.09:293][  0]LogD3D12RHI: Forcing D3D12.AsyncDeferredDeletion=0 as a workaround for a deadlock.
[2024.01.18-01.40.09:295][  0]LogD3D12RHI: Chosen D3D12 Adapter Id = 0
[2024.01.18-01.40.09:384][  0]LogD3D12RHI: InitD3DDevice: -D3DDebug = off -D3D12GPUValidation = off
[2024.01.18-01.40.09:384][  0]LogD3D12RHI: Emitting draw events for PIX profiling.
[2024.01.18-01.40.22:465][  0]LogD3D12RHI: The system supports ID3D12Device1.
[2024.01.18-01.40.22:465][  0]LogD3D12RHI: The system supports ID3D12Device2.
[2024.01.18-01.40.22:465][  0]LogD3D12RHI: The system supports ID3D12Device5.
[2024.01.18-01.40.22:465][  0]LogD3D12RHI: The system supports ID3D12Device7.
[2024.01.18-01.40.22:532][  0]LogD3D12RHI: [GPUBreadCrumb] Successfully setup breadcrumb resource for 3D Queue 0
[2024.01.18-01.40.22:548][  0]LogD3D12RHI: [GPUBreadCrumb] Successfully setup breadcrumb resource for Copy Queue 0
[2024.01.18-01.40.22:565][  0]LogD3D12RHI: [GPUBreadCrumb] Successfully setup breadcrumb resource for Compute Queue 0
[2024.01.18-01.40.22:590][  0]LogD3D12RHI: Display: Not using pipeline state disk cache per r.D3D12.PSO.DiskCache=0
[2024.01.18-01.40.22:591][  0]LogD3D12RHI: Display: Not using driver-optimized pipeline state disk cache per r.D3D12.PSO.DriverOptimizedDiskCache=0
[2024.01.18-01.40.23:097][  0]LogD3D12RHI:     GPU DeviceId: 0x9a49 (for the marketing name, search the web for "GPU Device Id")
[2024.01.18-01.40.23:097][  0]LogWindows: EnumDisplayDevices:
[2024.01.18-01.40.23:098][  0]LogWindows:    0. 'Intel(R) Iris(R) Xe Graphics' (P:1 D:1)
[2024.01.18-01.40.23:099][  0]LogWindows:    1. 'Intel(R) Iris(R) Xe Graphics' (P:0 D:0)
[2024.01.18-01.40.23:101][  0]LogWindows:    2. 'Intel(R) Iris(R) Xe Graphics' (P:0 D:0)
[2024.01.18-01.40.23:102][  0]LogWindows:    3. 'Intel(R) Iris(R) Xe Graphics' (P:0 D:0)
[2024.01.18-01.40.23:104][  0]LogWindows:    4. 'DisplayLink USB Device' (P:0 D:0)
[2024.01.18-01.40.23:105][  0]LogWindows:    5. 'DisplayLink USB Device' (P:0 D:0)
[2024.01.18-01.40.23:106][  0]LogWindows: DebugString: GetVideoDriverDetailsInvalid PrimaryIsNotTheChoosenAdapter GetVideoDriverDetailsInvalid PrimaryIsNotTheChoosenAdapter FoundDriverCount:4 
[2024.01.18-01.40.23:106][  0]LogD3D12RHI:     Adapter Name: Intel(R) Iris(R) Xe Graphics
[2024.01.18-01.40.23:106][  0]LogD3D12RHI:   Driver Version: 31.0.101.4255 (internal:31.0.101.4255, unified:31.0.101.4255)
[2024.01.18-01.40.23:106][  0]LogD3D12RHI:      Driver Date: 3-16-2023
[2024.01.18-01.40.23:106][  0]LogRHI: Texture pool is 4642 MB (70% of 6632 MB)
[2024.01.18-01.40.23:107][  0]LogD3D12RHI: Async texture creation enabled
[2024.01.18-01.40.23:107][  0]LogD3D12RHI: RHI does not have support for 64 bit atomics
[2024.01.18-01.40.25:457][  0]LogTargetPlatformManager: Display: Loaded TargetPlatform 'AllDesktop'
[2024.01.18-01.40.25:616][  0]LogTargetPlatformManager: Display: Loaded TargetPlatform 'Android'
[2024.01.18-01.40.25:616][  0]LogTargetPlatformManager: Display: Loaded TargetPlatform 'Android_ASTC'
[2024.01.18-01.40.25:616][  0]LogTargetPlatformManager: Display: Loaded TargetPlatform 'Android_DXT'
[2024.01.18-01.40.25:616][  0]LogTargetPlatformManager: Display: Loaded TargetPlatform 'Android_ETC2'
[2024.01.18-01.40.25:616][  0]LogTargetPlatformManager: Display: Loaded TargetPlatform 'AndroidClient'
[2024.01.18-01.40.25:616][  0]LogTargetPlatformManager: Display: Loaded TargetPlatform 'Android_ASTCClient'
[2024.01.18-01.40.25:616][  0]LogTargetPlatformManager: Display: Loaded TargetPlatform 'Android_DXTClient'
[2024.01.18-01.40.25:616][  0]LogTargetPlatformManager: Display: Loaded TargetPlatform 'Android_ETC2Client'
[2024.01.18-01.40.25:616][  0]LogTargetPlatformManager: Display: Loaded TargetPlatform 'Android_Multi'
[2024.01.18-01.40.25:617][  0]LogTargetPlatformManager: Display: Loaded TargetPlatform 'Android_MultiClient'
[2024.01.18-01.40.25:813][  0]LogTargetPlatformManager: Display: Loaded TargetPlatform 'IOSClient'
[2024.01.18-01.40.25:813][  0]LogTargetPlatformManager: Display: Loaded TargetPlatform 'IOS'
[2024.01.18-01.40.25:890][  0]LogTargetPlatformManager: Display: Loaded TargetPlatform 'Linux'
[2024.01.18-01.40.25:929][  0]LogTargetPlatformManager: Display: Loaded TargetPlatform 'LinuxNoEditor'
[2024.01.18-01.40.25:965][  0]LogTargetPlatformManager: Display: Loaded TargetPlatform 'LinuxClient'
[2024.01.18-01.40.26:002][  0]LogTargetPlatformManager: Display: Loaded TargetPlatform 'LinuxServer'
[2024.01.18-01.40.26:073][  0]LogTargetPlatformManager: Display: Loaded TargetPlatform 'LinuxAArch64NoEditor'
[2024.01.18-01.40.26:105][  0]LogTargetPlatformManager: Display: Loaded TargetPlatform 'LinuxAArch64Client'
[2024.01.18-01.40.26:136][  0]LogTargetPlatformManager: Display: Loaded TargetPlatform 'LinuxAArch64Server'
[2024.01.18-01.40.26:354][  0]LogTargetPlatformManager: Display: Loaded TargetPlatform 'Lumin'
[2024.01.18-01.40.26:354][  0]LogTargetPlatformManager: Display: Loaded TargetPlatform 'LuminClient'
[2024.01.18-01.40.26:428][  0]LogTargetPlatformManager: Display: Loaded TargetPlatform 'MacNoEditor'
[2024.01.18-01.40.26:460][  0]LogTargetPlatformManager: Display: Loaded TargetPlatform 'Mac'
[2024.01.18-01.40.26:495][  0]LogTargetPlatformManager: Display: Loaded TargetPlatform 'MacClient'
[2024.01.18-01.40.26:528][  0]LogTargetPlatformManager: Display: Loaded TargetPlatform 'MacServer'
[2024.01.18-01.40.26:603][  0]LogTargetPlatformManager: Display: Loaded TargetPlatform 'TVOSClient'
[2024.01.18-01.40.26:603][  0]LogTargetPlatformManager: Display: Loaded TargetPlatform 'TVOS'
[2024.01.18-01.40.26:680][  0]LogTargetPlatformManager: Display: Loaded TargetPlatform 'WindowsNoEditor'
[2024.01.18-01.40.26:718][  0]LogTargetPlatformManager: Display: Loaded TargetPlatform 'Windows'
[2024.01.18-01.40.26:753][  0]LogTargetPlatformManager: Display: Loaded TargetPlatform 'WindowsClient'
[2024.01.18-01.40.26:788][  0]LogTargetPlatformManager: Display: Loaded TargetPlatform 'WindowsServer'
[2024.01.18-01.40.26:788][  0]LogTargetPlatformManager: Display: Building Assets For Windows
[2024.01.18-01.40.26:841][  0]LogAudioDebug: Display: Lib vorbis DLL was dynamically loaded.
[2024.01.18-01.40.27:085][  0]LogTextureFormatOodle: Display: Oodle Texture 2.9.0 init RDO Off
[2024.01.18-01.40.27:331][  0]LogRendererCore: Ray tracing is disabled. Reason: not supported by current RHI.
[2024.01.18-01.40.27:332][  0]LogShaderCompilers: Guid format shader working directory is -10 characters bigger than the processId version (../../../../../../Users/ajosan25/GithubOpenSrc/Resin/Resin/Intermediate/Shaders/WorkingDirectory/45904/).
[2024.01.18-01.40.27:333][  0]LogShaderCompilers: Cleaned the shader compiler working directory 'C:/Users/ajosan25/AppData/Local/Temp/UnrealShaderWorkingDir/011C43A049E95D3A5F8F08942CE4F2E9/'.
[2024.01.18-01.40.27:334][  0]LogXGEController: Cannot use XGE Controller as Incredibuild is not installed on this machine.
[2024.01.18-01.40.27:334][  0]LogShaderCompilers: Cannot use XGE Shader Compiler as Incredibuild is not installed on this machine.
[2024.01.18-01.40.27:334][  0]LogShaderCompilers: Display: Using Local Shader Compiler.
[2024.01.18-01.40.34:280][  0]LogDerivedDataCache: Display: Max Cache Size: 512 MB
[2024.01.18-01.40.34:867][  0]LogDerivedDataCache: Loaded boot cache 0.59s 118MB C:/Users/ajosan25/AppData/Local/UnrealEngine/4.27/DerivedDataCache/Boot.ddc.
[2024.01.18-01.40.34:868][  0]LogDerivedDataCache: Display: Loaded Boot cache: C:/Users/ajosan25/AppData/Local/UnrealEngine/4.27/DerivedDataCache/Boot.ddc
[2024.01.18-01.40.34:868][  0]LogDerivedDataCache: FDerivedDataBackendGraph:  Pak pak cache file ../../../../../../Users/ajosan25/GithubOpenSrc/Resin/Resin/DerivedDataCache/DDC.ddp not found, will not use a pak cache.
[2024.01.18-01.40.34:868][  0]LogDerivedDataCache: Unable to find inner node Pak for hierarchical cache Hierarchy.
[2024.01.18-01.40.34:868][  0]LogDerivedDataCache: FDerivedDataBackendGraph:  CompressedPak pak cache file ../../../../../../Users/ajosan25/GithubOpenSrc/Resin/Resin/DerivedDataCache/Compressed.ddp not found, will not use a pak cache.
[2024.01.18-01.40.34:868][  0]LogDerivedDataCache: Unable to find inner node CompressedPak for hierarchical cache Hierarchy.
[2024.01.18-01.40.35:018][  0]LogDerivedDataCache: Display: Pak cache opened for reading ../../../Engine/DerivedDataCache/Compressed.ddp.
[2024.01.18-01.40.35:018][  0]LogDerivedDataCache: FDerivedDataBackendGraph:  EnterprisePak pak cache file ../../../Enterprise/DerivedDataCache/Compressed.ddp not found, will not use a pak cache.
[2024.01.18-01.40.35:018][  0]LogDerivedDataCache: Unable to find inner node EnterprisePak for hierarchical cache Hierarchy.
[2024.01.18-01.40.35:076][  0]LogDerivedDataCache: Speed tests for C:/Users/ajosan25/AppData/Local/UnrealEngine/Common/DerivedDataCache took 0.06 seconds
[2024.01.18-01.40.35:076][  0]LogDerivedDataCache: Display: Performance to C:/Users/ajosan25/AppData/Local/UnrealEngine/Common/DerivedDataCache: Latency=0.19ms. RandomReadSpeed=156.21MBs, RandomWriteSpeed=19.41MBs. Assigned SpeedClass 'Local'
[2024.01.18-01.40.35:083][  0]LogDerivedDataCache: Using Local data cache path C:/Users/ajosan25/AppData/Local/UnrealEngine/Common/DerivedDataCache: Writable
[2024.01.18-01.40.35:084][  0]LogDerivedDataCache: Shared data cache path not found in *engine.ini, will not use an Shared cache.
[2024.01.18-01.40.35:084][  0]LogDerivedDataCache: Unable to find inner node Shared for hierarchical cache Hierarchy.
[2024.01.18-01.40.35:549][  0]LogSlate: Using FreeType 2.10.0
[2024.01.18-01.40.35:552][  0]LogSlate: SlateFontServices - WITH_FREETYPE: 1, WITH_HARFBUZZ: 1
[2024.01.18-01.40.35:767][  0]LogAssetRegistry: FAssetRegistry took 0.0341 seconds to start up
[2024.01.18-01.40.38:634][  0]LogInit: Selected Device Profile: [Windows]
[2024.01.18-01.40.38:635][  0]LogInit: Active device profile: [000001B7B31E4900][000001B7B0DCB0C0 49] Windows
[2024.01.18-01.40.38:635][  0]LogInit: Profiles: [000001B7B31E4900][000001B7B0DCB0C0 49] Windows, [000001B7B31B7800][000001B7B1773240 49] WindowsNoEditor, [000001B7B31E7500][000001B7B17773C0 49] WindowsServer, [000001B7B31B4E00][000001B7B177B540 49] WindowsClient, [000001B7B31E7800][000001B7B177F6C0 49] IOS, [000001B7B31B6800][000001B7B1783840 49] iPadAir, [000001B7B31E6000][000001B7B17879C0 49] iPadAir2, [000001B7B3164A00][000001B7B3A6C100 49] IPadPro, [000001B7B3164B00][000001B7B178A140 49] iPadAir3, [000001B7B31B5900][000001B7B3A702C0 49] iPadAir4, [000001B7B3167400][000001B7B0DCE400 49] iPadMini2, [000001B7B31B6A00][000001B7B3A74540 49] iPadMini3, [000001B7B3165700][000001B7B3A78680 49] iPadMini4, [000001B7B31E5100][000001B7B3A7C7C0 49] iPadMini5, [000001B7B3170300][000001B7B3A88A80 49] iPhone6, [000001B7B3170400][000001B7B3A84AC0 49] iPodTouch6, [000001B7B314FF00][000001B7B3A90D80 49] iPhone7, [000001B7B314FE00][000001B7B3A8CDC0 49] iPodTouch7, [000001B7B31B6500][000001B7B3A94F40 49] iPhone5S, [000001B7B314DA00][000001B7B3A990C0 49] iPhone6Plus, [000001B7B3170200][000001B7B3A9D240 49] iPhone6S, [000001B7B314C600][000001B7B3AA13C0 49] iPhone6SPlus, [000001B7B3172900][000001B7B3AA5540 49] iPhone7Plus, [000001B7B314F100][000001B7B3AA96C0 49] iPhoneSE, [000001B7B3172200][000001B7B3AAD840 49] iPhone8, [000001B7B314FB00][000001B7B3AB19C0 49] iPhone8Plus, [000001B7B3170800][000001B7B3AB5B40 49] iPhoneX, [000001B7B314D600][000001B7B3AB8140 49] iPhoneXS, [000001B7B3173900][000001B7B3ABC2C0 49] iPhoneXSMax, [000001B7B314C900][000001B7B3AC0440 49] iPhoneXR, [000001B7B3172A00][000001B7B3AC45C0 49] iPhone11, [000001B7B314D200][000001B7B3A80700 49] iPhone11Pro, [000001B7B3171000][000001B7B3AC8840 49] iPhone11ProMax, [000001B7B314EA00][000001B7B3ACC980 49] iPhoneSE2, [000001B7B3171400][000001B7B3AD4B00 49] iPhone12Mini, [000001B7B314E400][000001B7B3AD8C80 49] iPhone12, [000001B7B3170D00][000001B7B3ADCE00 49] iPhone12Pro, [000001B7B314EB00][000001B7B3AE0F80 49] iPhone12ProMax, [000001B7B3173000][000001B7B3AE5100 49] iPadPro105, [000001B7B314C200][000001B7B3AE9280 49] iPadPro129, [000001B7B3172B00][000001B7B3AED400 49] iPadPro97, [000001B7B314E600][000001B7B3AF1580 49] iPadPro2_129, [000001B7B3173B00][000001B7B3AF5700 49] iPad5, [000001B7B314E200][000001B7B3AF9880 49] iPad6, [000001B7B3170F00][000001B7B3AFDA00 49] iPad7, [000001B7B314FD00][000001B7B3B01B80 49] iPad8, [000001B7B3173E00][000001B7B3B04180 49] iPadPro11, [000001B7B314CF00][000001B7B3B08300 49] iPadPro2_11, [000001B7B3173200][000001B7B3B0C480 49] iPadPro3_129, [000001B7B314FC00][000001B7B3B10600 49] iPadPro4_129, [000001B7B3171100][000001B7B3B14780 49] AppleTV, [000001B7B314E100][000001B7B3AD08C0 49] AppleTV4K, [000001B7B3171F00][000001B7B3B18A00 49] TVOS, [000001B7B314F400][000001B7B3B1CB40 49] Mac, [000001B7B3173800][000001B7B3B24CC0 49] MacClient, [000001B7B314DE00][000001B7B3B28E40 49] MacNoEditor, [000001B7B3173F00][000001B7B3B2CFC0 49] MacServer, [000001B7B314EE00][000001B7B3B31140 49] Linux, [000001B7B3171B00][000001B7B3B352C0 49] LinuxAArch64, [000001B7B314D500][000001B7B3B39440 49] LinuxNoEditor, [000001B7B3170900][000001B7B3B3D5C0 49] LinuxAArch64NoEditor, [000001B7B314F700][000001B7B3B41740 49] LinuxClient, [000001B7B3173500][000001B7B3B458C0 49] LinuxAArch64Client, [000001B7B314E300][000001B7B3B49A40 49] LinuxServer, [000001B7B3170500][000001B7B3B4DBC0 49] LinuxAArch64Server, [000001B7B314E700][000001B7B3B501C0 49] Android, [000001B7B3171900][000001B7B3B54340 49] Android_Low, [000001B7B314E000][000001B7B3B584C0 49] Android_Mid, [000001B7B3172F00][000001B7B3B5C640 49] Android_High, [000001B7B314FA00][000001B7B3B607C0 49] Android_Default, [000001B7B3172300][000001B7B3B64940 49] Android_Adreno4xx, [000001B7B314D900][000001B7B3B20A80 49] Android_Adreno5xx_Low, [000001B7B3167600][000001B7B3B68BC0 49] Android_Adreno5xx, [000001B7B31B4900][000001B7B3B6CD00 49] Android_Adreno6xx, [000001B7B3165800][000001B7B3B70E40 49] Android_Adreno6xx_Vulkan, [000001B7B31B4F00][000001B7B3B78FC0 49] Android_Mali_T6xx, [000001B7B3165000][000001B7B3B7D140 49] Android_Mali_T7xx, [000001B7B31B7900][000001B7B3B812C0 49] Android_Mali_T8xx, [000001B7B3165E00][000001B7B3B85440 49] Android_Mali_G71, [000001B7B31B4500][000001B7B3B895C0 49] Android_Mali_G72, [000001B7B3164600][000001B7B3B8D740 49] Android_Mali_G72_Vulkan, [000001B7B31B5300][000001B7B3B918C0 49] Android_Mali_G76, [000001B7B3164100][000001B7B3B95A40 49] Android_Mali_G76_Vulkan, [000001B7B31B5F00][000001B7B3B99BC0 49] Android_Mali_G77, [000001B7B3164C00][000001B7B3B9C1C0 49] Android_Mali_G77_Vulkan, [000001B7B31B4A00][000001B7B3BB0340 49] Android_Mali_G78, [000001B7B3166C00][000001B7B3BB44C0 49] Android_Mali_G78_Vulkan, [000001B7B31B7600][000001B7B3BB8640 49] Android_Mali_G710, [000001B7B3167900][000001B7B3BBC7C0 49] Android_Mali_G710_Vulkan, [000001B7B31B6700][000001B7B3BC0940 49] Android_Vulkan_SM5, [000001B7B3167B00][000001B7B3BC4AC0 49] Android_PowerVR_G6xxx, [000001B7B31B7400][000001B7B3B74C00 49] Android_PowerVR_GT7xxx, [000001B7B3167700][000001B7B3BC8D40 49] Android_PowerVR_GE8xxx, [000001B7B31B6E00][000001B7B3BCCE80 49] Android_PowerVR_GM9xxx, [000001B7B3167F00][000001B7B3BD0FC0 49] Android_PowerVR_GM9xxx_Vulkan, [000001B7B31B5800][000001B7B3BD9140 49] Android_TegraK1, [000001B7B3164400][000001B7B3BDD2C0 49] Android_Unknown_Vulkan, [000001B7B31B7C00][000001B7B3BE1440 49] Lumin, [000001B7B3164500][000001B7B3BE55C0 49] Lumin_Desktop, [000001B7B31B4D00][000001B7B3BE9740 49] HoloLens, 
[2024.01.18-01.40.40:025][  0]LogMeshReduction: Using QuadricMeshReduction for automatic static mesh reduction
[2024.01.18-01.40.40:025][  0]LogMeshReduction: Using SimplygonMeshReduction for automatic skeletal mesh reduction
[2024.01.18-01.40.40:025][  0]LogMeshReduction: Using ProxyLODMeshReduction for automatic mesh merging
[2024.01.18-01.40.40:025][  0]LogMeshReduction: No distributed automatic mesh merging module available
[2024.01.18-01.40.40:025][  0]LogMeshMerging: No distributed automatic mesh merging module available
[2024.01.18-01.40.40:150][  0]LogNetVersion: Resin 1.0.0, NetCL: 17155196, EngineNetVer: 17, GameNetVer: 0 (Checksum: 1515732647)
[2024.01.18-01.40.40:356][  0]LogMaterial: Display: Missing cached shadermap for HelpActorMaterial in PCD3D_SM5, Default, SM5 (DDC key hash: 6936827EDBF8EE7FD97228406EE73F39152E50C6), compiling. 
[2024.01.18-01.40.41:463][  0]LogShaderCompilers: Display: Submitted 82 shader compile jobs with 'Low' priority
[2024.01.18-01.40.45:881][  0]LogShaderCompilers: Display: Worker (1/5): shaders left to compile 82
[2024.01.18-01.40.45:881][  0]LogShaderCompilers: Display: Worker (2/5): shaders left to compile 72
[2024.01.18-01.40.45:881][  0]LogShaderCompilers: Display: Worker (3/5): shaders left to compile 62
[2024.01.18-01.40.45:881][  0]LogShaderCompilers: Display: Worker (4/5): shaders left to compile 52
[2024.01.18-01.40.45:881][  0]LogShaderCompilers: Display: Worker (5/5): shaders left to compile 42
[2024.01.18-01.40.45:881][  0]LogShaderCompilers: Display: Started 50 'Local' shader compile jobs with 'Low' priority
[2024.01.18-01.40.45:881][  0]LogTexture: Default maximum texture size for cubemaps generated from long-lat sources has been changed from 512 to unlimited. In order to preserve old behaiour for '/Engine/MapTemplates/Sky/DaylightAmbientCubemap.DaylightAmbientCubemap', its maximum texture size has been explicitly set to 512.
[2024.01.18-01.40.46:602][  0]LogHMD: PokeAHoleMaterial loaded successfully
[2024.01.18-01.40.46:708][  0]LogUObjectArray: 17178 objects as part of root set at end of initial load.
[2024.01.18-01.40.46:708][  0]LogUObjectAllocator: 4302048 out of 0 bytes used by permanent object pool.
[2024.01.18-01.40.46:708][  0]LogUObjectArray: CloseDisregardForGC: 0/0 objects in disregard for GC pool
[2024.01.18-01.40.50:351][  0]LogNiagaraDebuggerClient: Niagara Debugger Client Initialized | Session: 05BA65744D5ED18E9E73A4B4F85E59F8 | Instance: B62BED304461C07F60C612B15ABEED5C (L13-AJOSAN25-45904).
[2024.01.18-01.40.51:450][  0]LogPython: Using Python 3.7.7
[2024.01.18-01.40.56:023][  0]LogTcpMessaging: Initializing TcpMessaging bridge
[2024.01.18-01.40.56:111][  0]LogUdpMessaging: Initializing bridge on interface 0.0.0.0:0 to multicast group 230.0.0.1:6666.
[2024.01.18-01.40.59:736][  0]LogOpenImageDenoise: OIDN starting up
[2024.01.18-01.40.59:840][  0]LogAndroidPermission: UAndroidPermissionCallbackProxy::GetInstance
[2024.01.18-01.41.00:020][  0]LogAudioCaptureCore: Display: No Audio Capture implementations found. Audio input will be silent.
[2024.01.18-01.41.00:021][  0]LogAudioCaptureCore: Display: No Audio Capture implementations found. Audio input will be silent.
